<?xml version="1.0" encoding="UTF-8"?>
<coverage generated="1708458679217" clover="3.2.0">
  <project timestamp="1708458679217" name="All files">
    <metrics statements="50" coveredstatements="47" conditionals="59" coveredconditionals="45" methods="16" coveredmethods="14" elements="125" coveredelements="106" complexity="0" loc="50" ncloc="50" packages="1" files="1" classes="1"/>
    <file name="frameLink.ts" path="/Users/dcassil/Code/CMS/lib/frame-link/src/frameLink.ts">
      <metrics statements="50" coveredstatements="47" conditionals="59" coveredconditionals="45" methods="16" coveredmethods="14"/>
      <line num="59" count="1" type="stmt"/>
      <line num="60" count="1" type="stmt"/>
      <line num="61" count="1" type="stmt"/>
      <line num="63" count="1" type="stmt"/>
      <line num="64" count="5" type="cond" truecount="6" falsecount="2"/>
      <line num="65" count="5" type="cond" truecount="6" falsecount="2"/>
      <line num="66" count="5" type="cond" truecount="6" falsecount="2"/>
      <line num="68" count="17" type="stmt"/>
      <line num="69" count="17" type="cond" truecount="1" falsecount="0"/>
      <line num="70" count="5" type="stmt"/>
      <line num="71" count="5" type="cond" truecount="1" falsecount="0"/>
      <line num="72" count="2" type="stmt"/>
      <line num="74" count="5" type="stmt"/>
      <line num="76" count="12" type="stmt"/>
      <line num="80" count="1" type="stmt"/>
      <line num="81" count="5" type="cond" truecount="2" falsecount="0"/>
      <line num="85" count="5" type="cond" truecount="4" falsecount="2"/>
      <line num="86" count="5" type="cond" truecount="3" falsecount="0"/>
      <line num="87" count="2" type="stmt"/>
      <line num="89" count="5" type="cond" truecount="3" falsecount="1"/>
      <line num="91" count="0" type="stmt"/>
      <line num="95" count="1" type="cond" truecount="1" falsecount="0"/>
      <line num="96" count="15" type="stmt"/>
      <line num="97" count="6" type="stmt"/>
      <line num="105" count="1" type="stmt"/>
      <line num="106" count="0" type="stmt"/>
      <line num="108" count="0" type="cond" truecount="0" falsecount="4"/>
      <line num="112" count="1" type="stmt"/>
      <line num="113" count="1" type="stmt"/>
      <line num="114" count="6" type="cond" truecount="2" falsecount="0"/>
      <line num="118" count="1" type="stmt"/>
      <line num="119" count="1" type="stmt"/>
      <line num="120" count="1" type="stmt"/>
      <line num="122" count="1" type="stmt"/>
      <line num="123" count="1" type="stmt"/>
      <line num="124" count="1" type="cond" truecount="3" falsecount="0"/>
      <line num="125" count="1" type="stmt"/>
      <line num="126" count="1" type="stmt"/>
      <line num="127" count="1" type="stmt"/>
      <line num="128" count="1" type="stmt"/>
      <line num="129" count="1" type="stmt"/>
      <line num="130" count="1" type="stmt"/>
      <line num="131" count="1" type="stmt"/>
      <line num="132" count="1" type="stmt"/>
      <line num="138" count="1" type="stmt"/>
      <line num="148" count="1" type="stmt"/>
      <line num="151" count="1" type="stmt"/>
      <line num="155" count="1" type="cond" truecount="5" falsecount="1"/>
      <line num="156" count="1" type="cond" truecount="2" falsecount="0"/>
      <line num="158" count="1" type="stmt"/>
    </file>
  </project>
</coverage>
