<?xml version="1.0" encoding="UTF-8"?>
<coverage generated="1771974356495" clover="3.2.0">
  <project timestamp="1771974356495" name="All files">
    <metrics statements="139" coveredstatements="137" conditionals="26" coveredconditionals="24" methods="38" coveredmethods="37" elements="203" coveredelements="198" complexity="0" loc="139" ncloc="139" packages="4" files="9" classes="9"/>
    <package name="src">
      <metrics statements="14" coveredstatements="14" conditionals="1" coveredconditionals="1" methods="7" coveredmethods="7"/>
      <file name="frame-link.ts" path="/Users/danielcassil/Code/frame-link/src/frame-link.ts">
        <metrics statements="14" coveredstatements="14" conditionals="1" coveredconditionals="1" methods="7" coveredmethods="7"/>
        <line num="1" count="1" type="stmt"/>
        <line num="36" count="1" type="stmt"/>
        <line num="39" count="38" type="cond" truecount="1" falsecount="0"/>
        <line num="41" count="38" type="stmt"/>
        <line num="42" count="38" type="stmt"/>
        <line num="43" count="38" type="stmt"/>
        <line num="44" count="87" type="stmt"/>
        <line num="48" count="38" type="stmt"/>
        <line num="50" count="9" type="stmt"/>
        <line num="59" count="12" type="stmt"/>
        <line num="60" count="12" type="stmt"/>
        <line num="61" count="1" type="stmt"/>
        <line num="66" count="1" type="stmt"/>
        <line num="77" count="12" type="stmt"/>
      </file>
    </package>
    <package name="src.core">
      <metrics statements="110" coveredstatements="108" conditionals="17" coveredconditionals="15" methods="29" coveredmethods="28"/>
      <file name="connect.ts" path="/Users/danielcassil/Code/frame-link/src/core/connect.ts">
        <metrics statements="34" coveredstatements="34" conditionals="3" coveredconditionals="3" methods="12" coveredmethods="12"/>
        <line num="2" count="1" type="stmt"/>
        <line num="4" count="1" type="stmt"/>
        <line num="5" count="1" type="stmt"/>
        <line num="9" count="32" type="stmt"/>
        <line num="10" count="1" type="stmt"/>
        <line num="11" count="1" type="stmt"/>
        <line num="13" count="32" type="stmt"/>
        <line num="21" count="32" type="stmt"/>
        <line num="22" count="73" type="stmt"/>
        <line num="24" count="73" type="stmt"/>
        <line num="25" count="1" type="stmt"/>
        <line num="28" count="73" type="stmt"/>
        <line num="30" count="30" type="stmt"/>
        <line num="38" count="73" type="stmt"/>
        <line num="47" count="1" type="stmt"/>
        <line num="53" count="38" type="stmt"/>
        <line num="54" count="33" type="cond" truecount="1" falsecount="0"/>
        <line num="55" count="1" type="stmt"/>
        <line num="58" count="32" type="stmt"/>
        <line num="60" count="32" type="stmt"/>
        <line num="61" count="32" type="stmt"/>
        <line num="63" count="32" type="stmt"/>
        <line num="65" count="32" type="stmt"/>
        <line num="67" count="32" type="stmt"/>
        <line num="68" count="73" type="cond" truecount="1" falsecount="0"/>
        <line num="69" count="30" type="stmt"/>
        <line num="70" count="30" type="stmt"/>
        <line num="71" count="30" type="stmt"/>
        <line num="75" count="32" type="stmt"/>
        <line num="76" count="2" type="stmt"/>
        <line num="77" count="2" type="stmt"/>
        <line num="78" count="2" type="cond" truecount="1" falsecount="0"/>
        <line num="79" count="1" type="stmt"/>
        <line num="85" count="32" type="stmt"/>
      </file>
      <file name="constants.ts" path="/Users/danielcassil/Code/frame-link/src/core/constants.ts">
        <metrics statements="3" coveredstatements="3" conditionals="0" coveredconditionals="0" methods="0" coveredmethods="0"/>
        <line num="1" count="1" type="stmt"/>
        <line num="2" count="1" type="stmt"/>
        <line num="3" count="1" type="stmt"/>
      </file>
      <file name="dispatcher.ts" path="/Users/danielcassil/Code/frame-link/src/core/dispatcher.ts">
        <metrics statements="36" coveredstatements="35" conditionals="10" coveredconditionals="9" methods="6" coveredmethods="5"/>
        <line num="1" count="1" type="stmt"/>
        <line num="5" count="1" type="stmt"/>
        <line num="6" count="35" type="stmt"/>
        <line num="7" count="35" type="cond" truecount="1" falsecount="0"/>
        <line num="8" count="2" type="stmt"/>
        <line num="11" count="33" type="stmt"/>
        <line num="12" count="33" type="stmt"/>
        <line num="14" count="33" type="cond" truecount="2" falsecount="0"/>
        <line num="15" count="1" type="stmt"/>
        <line num="17" count="32" type="stmt"/>
        <line num="21" count="1" type="stmt"/>
        <line num="26" count="7" type="stmt"/>
        <line num="27" count="7" type="cond" truecount="1" falsecount="0"/>
        <line num="28" count="2" type="stmt"/>
        <line num="35" count="2" type="stmt"/>
        <line num="38" count="5" type="stmt"/>
        <line num="39" count="5" type="stmt"/>
        <line num="40" count="3" type="stmt"/>
        <line num="47" count="2" type="cond" truecount="2" falsecount="0"/>
        <line num="48" count="2" type="stmt"/>
        <line num="58" count="1" type="stmt"/>
        <line num="63" count="32" type="stmt"/>
        <line num="64" count="51" type="cond" truecount="1" falsecount="0"/>
        <line num="65" count="1" type="stmt"/>
        <line num="68" count="50" type="stmt"/>
        <line num="69" count="50" type="cond" truecount="1" falsecount="0"/>
        <line num="70" count="8" type="stmt"/>
        <line num="73" count="42" type="cond" truecount="1" falsecount="0"/>
        <line num="74" count="35" type="stmt"/>
        <line num="75" count="35" type="stmt"/>
        <line num="78" count="7" type="stmt"/>
        <line num="84" count="1" type="stmt"/>
        <line num="89" count="32" type="cond" truecount="0" falsecount="1"/>
        <line num="90" count="0" type="stmt"/>
        <line num="93" count="32" type="stmt"/>
        <line num="98" count="32" type="stmt"/>
      </file>
      <file name="send.ts" path="/Users/danielcassil/Code/frame-link/src/core/send.ts">
        <metrics statements="12" coveredstatements="12" conditionals="1" coveredconditionals="1" methods="4" coveredmethods="4"/>
        <line num="7" count="1" type="stmt"/>
        <line num="11" count="1" type="stmt"/>
        <line num="19" count="38" type="stmt"/>
        <line num="23" count="8" type="cond" truecount="1" falsecount="0"/>
        <line num="24" count="1" type="stmt"/>
        <line num="27" count="7" type="stmt"/>
        <line num="29" count="7" type="stmt"/>
        <line num="34" count="7" type="stmt"/>
        <line num="35" count="1" type="stmt"/>
        <line num="36" count="1" type="stmt"/>
        <line num="39" count="7" type="stmt"/>
        <line num="45" count="7" type="stmt"/>
      </file>
      <file name="state.ts" path="/Users/danielcassil/Code/frame-link/src/core/state.ts">
        <metrics statements="14" coveredstatements="14" conditionals="1" coveredconditionals="1" methods="3" coveredmethods="3"/>
        <line num="17" count="1" type="stmt"/>
        <line num="18" count="38" type="stmt"/>
        <line num="27" count="1" type="stmt"/>
        <line num="28" count="12" type="cond" truecount="1" falsecount="0"/>
        <line num="29" count="8" type="stmt"/>
        <line num="30" count="8" type="stmt"/>
        <line num="33" count="12" type="stmt"/>
        <line num="34" count="12" type="stmt"/>
        <line num="35" count="9" type="stmt"/>
        <line num="36" count="9" type="stmt"/>
        <line num="39" count="12" type="stmt"/>
        <line num="40" count="12" type="stmt"/>
        <line num="41" count="12" type="stmt"/>
        <line num="42" count="12" type="stmt"/>
      </file>
      <file name="transport.ts" path="/Users/danielcassil/Code/frame-link/src/core/transport.ts">
        <metrics statements="11" coveredstatements="10" conditionals="2" coveredconditionals="1" methods="4" coveredmethods="4"/>
        <line num="3" count="1" type="stmt"/>
        <line num="7" count="38" type="stmt"/>
        <line num="8" count="87" type="stmt"/>
        <line num="9" count="87" type="cond" truecount="0" falsecount="1"/>
        <line num="10" count="0" type="stmt"/>
        <line num="12" count="87" type="stmt"/>
        <line num="16" count="1" type="stmt"/>
        <line num="19" count="38" type="stmt"/>
        <line num="20" count="51" type="cond" truecount="1" falsecount="0"/>
        <line num="21" count="1" type="stmt"/>
        <line num="23" count="50" type="stmt"/>
      </file>
    </package>
    <package name="src.types">
      <metrics statements="8" coveredstatements="8" conditionals="8" coveredconditionals="8" methods="1" coveredmethods="1"/>
      <file name="protocol.ts" path="/Users/danielcassil/Code/frame-link/src/types/protocol.ts">
        <metrics statements="8" coveredstatements="8" conditionals="8" coveredconditionals="8" methods="1" coveredmethods="1"/>
        <line num="36" count="1" type="stmt"/>
        <line num="37" count="50" type="cond" truecount="3" falsecount="0"/>
        <line num="38" count="3" type="stmt"/>
        <line num="41" count="47" type="stmt"/>
        <line num="42" count="47" type="stmt"/>
        <line num="43" count="47" type="stmt"/>
        <line num="44" count="47" type="stmt"/>
        <line num="46" count="47" type="stmt"/>
      </file>
    </package>
    <package name="src.utils">
      <metrics statements="7" coveredstatements="7" conditionals="0" coveredconditionals="0" methods="1" coveredmethods="1"/>
      <file name="id.ts" path="/Users/danielcassil/Code/frame-link/src/utils/id.ts">
        <metrics statements="7" coveredstatements="7" conditionals="0" coveredconditionals="0" methods="1" coveredmethods="1"/>
        <line num="1" count="1" type="stmt"/>
        <line num="2" count="1" type="stmt"/>
        <line num="3" count="1" type="stmt"/>
        <line num="5" count="1" type="stmt"/>
        <line num="6" count="80" type="stmt"/>
        <line num="7" count="80" type="stmt"/>
        <line num="10" count="80" type="stmt"/>
      </file>
    </package>
  </project>
</coverage>
