{"/Users/dcassil/Code/CMS/lib/frame-link/src/frameLink.ts": {"path":"/Users/dcassil/Code/CMS/lib/frame-link/src/frameLink.ts","statementMap":{"0":{"start":{"line":59,"column":29},"end":{"line":59,"column":32}},"1":{"start":{"line":60,"column":16},"end":{"line":60,"column":21}},"2":{"start":{"line":61,"column":25},"end":{"line":61,"column":27}},"3":{"start":{"line":63,"column":22},"end":{"line":78,"column":1}},"4":{"start":{"line":64,"column":12},"end":{"line":64,"column":30}},"5":{"start":{"line":65,"column":17},"end":{"line":65,"column":40}},"6":{"start":{"line":66,"column":13},"end":{"line":66,"column":32}},"7":{"start":{"line":68,"column":2},"end":{"line":77,"column":5}},"8":{"start":{"line":68,"column":54},"end":{"line":77,"column":4}},"9":{"start":{"line":69,"column":4},"end":{"line":75,"column":5}},"10":{"start":{"line":70,"column":24},"end":{"line":70,"column":53}},"11":{"start":{"line":71,"column":6},"end":{"line":73,"column":7}},"12":{"start":{"line":72,"column":8},"end":{"line":72,"column":41}},"13":{"start":{"line":74,"column":6},"end":{"line":74,"column":28}},"14":{"start":{"line":76,"column":4},"end":{"line":76,"column":16}},"15":{"start":{"line":80,"column":34},"end":{"line":93,"column":1}},"16":{"start":{"line":81,"column":19},"end":{"line":83,"column":15}},"17":{"start":{"line":85,"column":2},"end":{"line":92,"column":3}},"18":{"start":{"line":86,"column":4},"end":{"line":88,"column":5}},"19":{"start":{"line":87,"column":6},"end":{"line":87,"column":42}},"20":{"start":{"line":89,"column":4},"end":{"line":89,"column":56}},"21":{"start":{"line":91,"column":4},"end":{"line":91,"column":73}},"22":{"start":{"line":95,"column":34},"end":{"line":103,"column":1}},"23":{"start":{"line":96,"column":2},"end":{"line":96,"column":57}},"24":{"start":{"line":96,"column":42},"end":{"line":96,"column":55}},"25":{"start":{"line":97,"column":2},"end":{"line":102,"column":5}},"26":{"start":{"line":105,"column":40},"end":{"line":110,"column":1}},"27":{"start":{"line":106,"column":2},"end":{"line":109,"column":4}},"28":{"start":{"line":108,"column":6},"end":{"line":108,"column":79}},"29":{"start":{"line":112,"column":34},"end":{"line":116,"column":1}},"30":{"start":{"line":113,"column":2},"end":{"line":115,"column":4}},"31":{"start":{"line":114,"column":18},"end":{"line":114,"column":60}},"32":{"start":{"line":118,"column":13},"end":{"line":149,"column":1}},"33":{"start":{"line":119,"column":2},"end":{"line":119,"column":55}},"34":{"start":{"line":120,"column":2},"end":{"line":120,"column":52}},"35":{"start":{"line":122,"column":25},"end":{"line":136,"column":3}},"36":{"start":{"line":123,"column":4},"end":{"line":123,"column":22}},"37":{"start":{"line":124,"column":4},"end":{"line":135,"column":5}},"38":{"start":{"line":125,"column":6},"end":{"line":125,"column":42}},"39":{"start":{"line":126,"column":6},"end":{"line":126,"column":40}},"40":{"start":{"line":127,"column":17},"end":{"line":134,"column":13}},"41":{"start":{"line":128,"column":8},"end":{"line":133,"column":11}},"42":{"start":{"line":129,"column":10},"end":{"line":129,"column":39}},"43":{"start":{"line":130,"column":10},"end":{"line":130,"column":39}},"44":{"start":{"line":131,"column":10},"end":{"line":131,"column":26}},"45":{"start":{"line":132,"column":10},"end":{"line":132,"column":30}},"46":{"start":{"line":138,"column":22},"end":{"line":146,"column":4}},"47":{"start":{"line":148,"column":2},"end":{"line":148,"column":21}},"48":{"start":{"line":155,"column":2},"end":{"line":155,"column":48}},"49":{"start":{"line":156,"column":2},"end":{"line":156,"column":51}},"50":{"start":{"line":158,"column":2},"end":{"line":158,"column":21}},"51":{"start":{"line":151,"column":0},"end":{"line":151,"column":24}}},"fnMap":{"0":{"name":"(anonymous_7)","decl":{"start":{"line":63,"column":22},"end":{"line":63,"column":23}},"loc":{"start":{"line":63,"column":61},"end":{"line":78,"column":1}}},"1":{"name":"(anonymous_8)","decl":{"start":{"line":68,"column":35},"end":{"line":68,"column":42}},"loc":{"start":{"line":68,"column":54},"end":{"line":77,"column":4}}},"2":{"name":"(anonymous_9)","decl":{"start":{"line":68,"column":54},"end":{"line":68,"column":null}},"loc":{"start":{"line":68,"column":54},"end":{"line":77,"column":3}}},"3":{"name":"(anonymous_10)","decl":{"start":{"line":80,"column":34},"end":{"line":80,"column":35}},"loc":{"start":{"line":80,"column":63},"end":{"line":93,"column":1}}},"4":{"name":"(anonymous_11)","decl":{"start":{"line":95,"column":34},"end":{"line":95,"column":35}},"loc":{"start":{"line":95,"column":66},"end":{"line":103,"column":1}}},"5":{"name":"(anonymous_12)","decl":{"start":{"line":96,"column":35},"end":{"line":96,"column":36}},"loc":{"start":{"line":96,"column":42},"end":{"line":96,"column":55}}},"6":{"name":"(anonymous_13)","decl":{"start":{"line":105,"column":40},"end":{"line":105,"column":41}},"loc":{"start":{"line":105,"column":56},"end":{"line":110,"column":1}}},"7":{"name":"(anonymous_14)","decl":{"start":{"line":107,"column":4},"end":{"line":107,"column":5}},"loc":{"start":{"line":108,"column":6},"end":{"line":108,"column":79}}},"8":{"name":"(anonymous_15)","decl":{"start":{"line":112,"column":34},"end":{"line":112,"column":35}},"loc":{"start":{"line":112,"column":50},"end":{"line":116,"column":1}}},"9":{"name":"(anonymous_16)","decl":{"start":{"line":114,"column":4},"end":{"line":114,"column":5}},"loc":{"start":{"line":114,"column":18},"end":{"line":114,"column":60}}},"10":{"name":"(anonymous_17)","decl":{"start":{"line":118,"column":13},"end":{"line":118,"column":14}},"loc":{"start":{"line":118,"column":59},"end":{"line":149,"column":1}}},"11":{"name":"(anonymous_18)","decl":{"start":{"line":122,"column":25},"end":{"line":122,"column":26}},"loc":{"start":{"line":122,"column":45},"end":{"line":136,"column":3}}},"12":{"name":"(anonymous_19)","decl":{"start":{"line":125,"column":26},"end":{"line":125,"column":29}},"loc":{"start":{"line":125,"column":31},"end":{"line":125,"column":34}}},"13":{"name":"(anonymous_20)","decl":{"start":{"line":127,"column":29},"end":{"line":127,"column":32}},"loc":{"start":{"line":127,"column":34},"end":{"line":134,"column":7}}},"14":{"name":"(anonymous_21)","decl":{"start":{"line":128,"column":39},"end":{"line":128,"column":40}},"loc":{"start":{"line":128,"column":45},"end":{"line":133,"column":9}}},"15":{"name":"frameLink","decl":{"start":{"line":151,"column":24},"end":{"line":151,"column":33}},"loc":{"start":{"line":153,"column":36},"end":{"line":159,"column":1}}}},"branchMap":{"0":{"loc":{"start":{"line":64,"column":12},"end":{"line":64,"column":30}},"type":"cond-expr","locations":[{"start":{"line":64,"column":25},"end":{"line":64,"column":27}},{"start":{"line":64,"column":25},"end":{"line":64,"column":30}}]},"1":{"loc":{"start":{"line":64,"column":12},"end":{"line":64,"column":27}},"type":"binary-expr","locations":[{"start":{"line":64,"column":12},"end":{"line":64,"column":27}},{"start":{"line":64,"column":25},"end":{"line":64,"column":27}}]},"2":{"loc":{"start":{"line":64,"column":12},"end":{"line":64,"column":25}},"type":"cond-expr","locations":[{"start":{"line":64,"column":19},"end":{"line":64,"column":21}},{"start":{"line":64,"column":12},"end":{"line":64,"column":25}}]},"3":{"loc":{"start":{"line":64,"column":12},"end":{"line":64,"column":21}},"type":"binary-expr","locations":[{"start":{"line":64,"column":12},"end":{"line":64,"column":21}},{"start":{"line":64,"column":12},"end":{"line":64,"column":21}}]},"4":{"loc":{"start":{"line":65,"column":17},"end":{"line":65,"column":40}},"type":"cond-expr","locations":[{"start":{"line":65,"column":30},"end":{"line":65,"column":32}},{"start":{"line":65,"column":30},"end":{"line":65,"column":40}}]},"5":{"loc":{"start":{"line":65,"column":17},"end":{"line":65,"column":32}},"type":"binary-expr","locations":[{"start":{"line":65,"column":17},"end":{"line":65,"column":32}},{"start":{"line":65,"column":30},"end":{"line":65,"column":32}}]},"6":{"loc":{"start":{"line":65,"column":17},"end":{"line":65,"column":30}},"type":"cond-expr","locations":[{"start":{"line":65,"column":24},"end":{"line":65,"column":26}},{"start":{"line":65,"column":17},"end":{"line":65,"column":30}}]},"7":{"loc":{"start":{"line":65,"column":17},"end":{"line":65,"column":26}},"type":"binary-expr","locations":[{"start":{"line":65,"column":17},"end":{"line":65,"column":26}},{"start":{"line":65,"column":17},"end":{"line":65,"column":26}}]},"8":{"loc":{"start":{"line":66,"column":13},"end":{"line":66,"column":32}},"type":"cond-expr","locations":[{"start":{"line":66,"column":26},"end":{"line":66,"column":28}},{"start":{"line":66,"column":26},"end":{"line":66,"column":32}}]},"9":{"loc":{"start":{"line":66,"column":13},"end":{"line":66,"column":28}},"type":"binary-expr","locations":[{"start":{"line":66,"column":13},"end":{"line":66,"column":28}},{"start":{"line":66,"column":26},"end":{"line":66,"column":28}}]},"10":{"loc":{"start":{"line":66,"column":13},"end":{"line":66,"column":26}},"type":"cond-expr","locations":[{"start":{"line":66,"column":20},"end":{"line":66,"column":22}},{"start":{"line":66,"column":13},"end":{"line":66,"column":26}}]},"11":{"loc":{"start":{"line":66,"column":13},"end":{"line":66,"column":22}},"type":"binary-expr","locations":[{"start":{"line":66,"column":13},"end":{"line":66,"column":22}},{"start":{"line":66,"column":13},"end":{"line":66,"column":22}}]},"12":{"loc":{"start":{"line":69,"column":4},"end":{"line":75,"column":5}},"type":"if","locations":[{"start":{"line":69,"column":4},"end":{"line":75,"column":5}}]},"13":{"loc":{"start":{"line":71,"column":6},"end":{"line":73,"column":7}},"type":"if","locations":[{"start":{"line":71,"column":6},"end":{"line":73,"column":7}}]},"14":{"loc":{"start":{"line":81,"column":19},"end":{"line":83,"column":15}},"type":"cond-expr","locations":[{"start":{"line":82,"column":6},"end":{"line":82,"column":42}},{"start":{"line":83,"column":6},"end":{"line":83,"column":15}}]},"15":{"loc":{"start":{"line":85,"column":2},"end":{"line":92,"column":3}},"type":"if","locations":[{"start":{"line":85,"column":2},"end":{"line":92,"column":3}},{"start":{"line":90,"column":9},"end":{"line":92,"column":3}}]},"16":{"loc":{"start":{"line":85,"column":6},"end":{"line":85,"column":27}},"type":"cond-expr","locations":[{"start":{"line":85,"column":14},"end":{"line":85,"column":16}},{"start":{"line":85,"column":6},"end":{"line":85,"column":27}}]},"17":{"loc":{"start":{"line":85,"column":6},"end":{"line":85,"column":16}},"type":"binary-expr","locations":[{"start":{"line":85,"column":6},"end":{"line":85,"column":16}},{"start":{"line":85,"column":6},"end":{"line":85,"column":16}}]},"18":{"loc":{"start":{"line":86,"column":4},"end":{"line":88,"column":5}},"type":"if","locations":[{"start":{"line":86,"column":4},"end":{"line":88,"column":5}}]},"19":{"loc":{"start":{"line":86,"column":8},"end":{"line":86,"column":32}},"type":"binary-expr","locations":[{"start":{"line":86,"column":8},"end":{"line":86,"column":16}},{"start":{"line":86,"column":20},"end":{"line":86,"column":32}}]},"20":{"loc":{"start":{"line":89,"column":4},"end":{"line":89,"column":55}},"type":"cond-expr","locations":[{"start":{"line":89,"column":12},"end":{"line":89,"column":14}},{"start":{"line":89,"column":4},"end":{"line":89,"column":55}}]},"21":{"loc":{"start":{"line":89,"column":4},"end":{"line":89,"column":14}},"type":"binary-expr","locations":[{"start":{"line":89,"column":4},"end":{"line":89,"column":14}},{"start":{"line":89,"column":4},"end":{"line":89,"column":14}}]},"22":{"loc":{"start":{"line":95,"column":50},"end":{"line":95,"column":62}},"type":"default-arg","locations":[{"start":{"line":95,"column":57},"end":{"line":95,"column":62}}]},"23":{"loc":{"start":{"line":108,"column":6},"end":{"line":108,"column":79}},"type":"binary-expr","locations":[{"start":{"line":108,"column":7},"end":{"line":108,"column":23}},{"start":{"line":108,"column":27},"end":{"line":108,"column":38}},{"start":{"line":108,"column":44},"end":{"line":108,"column":61}},{"start":{"line":108,"column":65},"end":{"line":108,"column":78}}]},"24":{"loc":{"start":{"line":114,"column":18},"end":{"line":114,"column":60}},"type":"binary-expr","locations":[{"start":{"line":114,"column":18},"end":{"line":114,"column":38}},{"start":{"line":114,"column":42},"end":{"line":114,"column":60}}]},"25":{"loc":{"start":{"line":124,"column":4},"end":{"line":135,"column":5}},"type":"if","locations":[{"start":{"line":124,"column":4},"end":{"line":135,"column":5}}]},"26":{"loc":{"start":{"line":124,"column":8},"end":{"line":124,"column":47}},"type":"binary-expr","locations":[{"start":{"line":124,"column":8},"end":{"line":124,"column":33}},{"start":{"line":124,"column":37},"end":{"line":124,"column":47}}]},"27":{"loc":{"start":{"line":155,"column":19},"end":{"line":155,"column":47}},"type":"binary-expr","locations":[{"start":{"line":155,"column":19},"end":{"line":155,"column":40}},{"start":{"line":155,"column":44},"end":{"line":155,"column":47}}]},"28":{"loc":{"start":{"line":155,"column":19},"end":{"line":155,"column":40}},"type":"cond-expr","locations":[{"start":{"line":155,"column":26},"end":{"line":155,"column":28}},{"start":{"line":155,"column":19},"end":{"line":155,"column":40}}]},"29":{"loc":{"start":{"line":155,"column":19},"end":{"line":155,"column":28}},"type":"binary-expr","locations":[{"start":{"line":155,"column":19},"end":{"line":155,"column":28}},{"start":{"line":155,"column":19},"end":{"line":155,"column":28}}]},"30":{"loc":{"start":{"line":156,"column":16},"end":{"line":156,"column":50}},"type":"binary-expr","locations":[{"start":{"line":156,"column":16},"end":{"line":156,"column":27}},{"start":{"line":156,"column":31},"end":{"line":156,"column":50}}]}},"s":{"0":1,"1":1,"2":1,"3":1,"4":5,"5":5,"6":5,"7":5,"8":17,"9":17,"10":5,"11":5,"12":2,"13":5,"14":12,"15":1,"16":5,"17":5,"18":5,"19":2,"20":5,"21":0,"22":1,"23":6,"24":15,"25":6,"26":1,"27":0,"28":0,"29":1,"30":1,"31":6,"32":1,"33":1,"34":1,"35":1,"36":1,"37":1,"38":1,"39":1,"40":1,"41":1,"42":1,"43":1,"44":1,"45":1,"46":1,"47":1,"48":1,"49":1,"50":1,"51":1},"f":{"0":5,"1":17,"2":17,"3":5,"4":6,"5":15,"6":0,"7":0,"8":1,"9":6,"10":1,"11":1,"12":1,"13":1,"14":1,"15":1},"b":{"0":[0,5],"1":[5,5],"2":[0,5],"3":[5,5],"4":[0,5],"5":[5,5],"6":[0,5],"7":[5,5],"8":[0,5],"9":[5,5],"10":[0,5],"11":[5,5],"12":[5],"13":[2],"14":[2,3],"15":[5,0],"16":[0,5],"17":[5,5],"18":[2],"19":[5,2],"20":[0,5],"21":[5,5],"22":[5],"23":[0,0,0,0],"24":[6,5],"25":[1],"26":[1,1],"27":[1,1],"28":[1,0],"29":[1,1],"30":[1,1]}}
}
