{"/Users/danielcassil/Code/frame-link/src/frame-link.ts": {"path":"/Users/danielcassil/Code/frame-link/src/frame-link.ts","statementMap":{"0":{"start":{"line":36,"column":0},"end":{"line":36,"column":16}},"1":{"start":{"line":1,"column":0},"end":{"line":1,"column":null}},"2":{"start":{"line":39,"column":57},"end":{"line":39,"column":64}},"3":{"start":{"line":41,"column":16},"end":{"line":41,"column":36}},"4":{"start":{"line":42,"column":25},"end":{"line":42,"column":60}},"5":{"start":{"line":43,"column":26},"end":{"line":45,"column":null}},"6":{"start":{"line":44,"column":25},"end":{"line":44,"column":37}},"7":{"start":{"line":48,"column":2},"end":{"line":79,"column":4}},"8":{"start":{"line":50,"column":6},"end":{"line":50,"column":31}},"9":{"start":{"line":59,"column":6},"end":{"line":59,"column":54}},"10":{"start":{"line":60,"column":6},"end":{"line":62,"column":8}},"11":{"start":{"line":61,"column":8},"end":{"line":61,"column":36}},"12":{"start":{"line":66,"column":6},"end":{"line":66,"column":34}},"13":{"start":{"line":77,"column":6},"end":{"line":77,"column":21}}},"fnMap":{"0":{"name":"createFrameLink","decl":{"start":{"line":36,"column":16},"end":{"line":36,"column":31}},"loc":{"start":{"line":37,"column":27},"end":{"line":80,"column":1}}},"1":{"name":"(anonymous_1)","decl":{"start":{"line":44,"column":4},"end":{"line":44,"column":22}},"loc":{"start":{"line":44,"column":25},"end":{"line":44,"column":37}}},"2":{"name":"(anonymous_2)","decl":{"start":{"line":49,"column":4},"end":{"line":49,"column":8}},"loc":{"start":{"line":49,"column":17},"end":{"line":51,"column":5}}},"3":{"name":"(anonymous_3)","decl":{"start":{"line":55,"column":4},"end":{"line":55,"column":6}},"loc":{"start":{"line":57,"column":46},"end":{"line":63,"column":5}}},"4":{"name":"(anonymous_4)","decl":{"start":{"line":60,"column":13},"end":{"line":60,"column":22}},"loc":{"start":{"line":60,"column":24},"end":{"line":62,"column":7}}},"5":{"name":"(anonymous_5)","decl":{"start":{"line":65,"column":4},"end":{"line":65,"column":7}},"loc":{"start":{"line":65,"column":37},"end":{"line":67,"column":5}}},"6":{"name":"(anonymous_6)","decl":{"start":{"line":76,"column":4},"end":{"line":76,"column":11}},"loc":{"start":{"line":76,"column":11},"end":{"line":78,"column":5}}}},"branchMap":{"0":{"loc":{"start":{"line":39,"column":24},"end":{"line":39,"column":52}},"type":"default-arg","locations":[{"start":{"line":39,"column":34},"end":{"line":39,"column":52}}]}},"s":{"0":1,"1":1,"2":38,"3":38,"4":38,"5":38,"6":87,"7":38,"8":9,"9":12,"10":12,"11":1,"12":1,"13":12},"f":{"0":38,"1":87,"2":9,"3":12,"4":1,"5":1,"6":12},"b":{"0":[34]}}
,"/Users/danielcassil/Code/frame-link/src/core/connect.ts": {"path":"/Users/danielcassil/Code/frame-link/src/core/connect.ts","statementMap":{"0":{"start":{"line":47,"column":0},"end":{"line":47,"column":16}},"1":{"start":{"line":2,"column":0},"end":{"line":2,"column":44}},"2":{"start":{"line":4,"column":0},"end":{"line":4,"column":69}},"3":{"start":{"line":5,"column":0},"end":{"line":5,"column":55}},"4":{"start":{"line":9,"column":34},"end":{"line":12,"column":3}},"5":{"start":{"line":10,"column":4},"end":{"line":10,"column":28}},"6":{"start":{"line":11,"column":4},"end":{"line":11,"column":21}},"7":{"start":{"line":13,"column":2},"end":{"line":13,"column":54}},"8":{"start":{"line":21,"column":2},"end":{"line":44,"column":23}},"9":{"start":{"line":22,"column":15},"end":{"line":22,"column":27}},"10":{"start":{"line":24,"column":22},"end":{"line":26,"column":15}},"11":{"start":{"line":25,"column":6},"end":{"line":25,"column":39}},"12":{"start":{"line":28,"column":4},"end":{"line":36,"column":7}},"13":{"start":{"line":30,"column":8},"end":{"line":30,"column":33}},"14":{"start":{"line":38,"column":4},"end":{"line":43,"column":7}},"15":{"start":{"line":53,"column":2},"end":{"line":86,"column":4}},"16":{"start":{"line":54,"column":4},"end":{"line":56,"column":5}},"17":{"start":{"line":55,"column":6},"end":{"line":55,"column":13}},"18":{"start":{"line":58,"column":4},"end":{"line":58,"column":26}},"19":{"start":{"line":60,"column":4},"end":{"line":60,"column":65}},"20":{"start":{"line":61,"column":4},"end":{"line":61,"column":28}},"21":{"start":{"line":63,"column":25},"end":{"line":63,"column":75}},"22":{"start":{"line":65,"column":30},"end":{"line":82,"column":null}},"23":{"start":{"line":67,"column":30},"end":{"line":73,"column":28}},"24":{"start":{"line":68,"column":10},"end":{"line":72,"column":11}},"25":{"start":{"line":69,"column":12},"end":{"line":69,"column":41}},"26":{"start":{"line":70,"column":12},"end":{"line":70,"column":40}},"27":{"start":{"line":71,"column":12},"end":{"line":71,"column":22}},"28":{"start":{"line":75,"column":8},"end":{"line":81,"column":20}},"29":{"start":{"line":76,"column":10},"end":{"line":76,"column":39}},"30":{"start":{"line":77,"column":10},"end":{"line":77,"column":38}},"31":{"start":{"line":78,"column":10},"end":{"line":80,"column":11}},"32":{"start":{"line":79,"column":12},"end":{"line":79,"column":81}},"33":{"start":{"line":85,"column":4},"end":{"line":85,"column":28}}},"fnMap":{"0":{"name":"setupPingHandler","decl":{"start":{"line":8,"column":9},"end":{"line":8,"column":25}},"loc":{"start":{"line":8,"column":46},"end":{"line":14,"column":1}}},"1":{"name":"(anonymous_1)","decl":{"start":{"line":9,"column":34},"end":{"line":9,"column":39}},"loc":{"start":{"line":9,"column":65},"end":{"line":12,"column":3}}},"2":{"name":"startPingInterval","decl":{"start":{"line":16,"column":9},"end":{"line":16,"column":26}},"loc":{"start":{"line":19,"column":17},"end":{"line":45,"column":1}}},"3":{"name":"(anonymous_3)","decl":{"start":{"line":21,"column":21},"end":{"line":21,"column":30}},"loc":{"start":{"line":21,"column":32},"end":{"line":44,"column":3}}},"4":{"name":"(anonymous_4)","decl":{"start":{"line":24,"column":33},"end":{"line":24,"column":42}},"loc":{"start":{"line":24,"column":44},"end":{"line":26,"column":5}}},"5":{"name":"(anonymous_5)","decl":{"start":{"line":29,"column":15},"end":{"line":29,"column":24}},"loc":{"start":{"line":29,"column":26},"end":{"line":31,"column":7}}},"6":{"name":"(anonymous_6)","decl":{"start":{"line":32,"column":14},"end":{"line":32,"column":23}},"loc":{"start":{"line":32,"column":25},"end":{"line":34,"column":7}}},"7":{"name":"createConnectMethod","decl":{"start":{"line":47,"column":16},"end":{"line":47,"column":35}},"loc":{"start":{"line":51,"column":17},"end":{"line":87,"column":1}}},"8":{"name":"(anonymous_8)","decl":{"start":{"line":53,"column":9},"end":{"line":53,"column":14}},"loc":{"start":{"line":53,"column":49},"end":{"line":86,"column":3}}},"9":{"name":"(anonymous_9)","decl":{"start":{"line":66,"column":6},"end":{"line":66,"column":7}},"loc":{"start":{"line":66,"column":68},"end":{"line":82,"column":7}}},"10":{"name":"(anonymous_10)","decl":{"start":{"line":67,"column":42},"end":{"line":67,"column":51}},"loc":{"start":{"line":67,"column":53},"end":{"line":73,"column":9}}},"11":{"name":"(anonymous_11)","decl":{"start":{"line":75,"column":19},"end":{"line":75,"column":28}},"loc":{"start":{"line":75,"column":30},"end":{"line":81,"column":9}}}},"branchMap":{"0":{"loc":{"start":{"line":54,"column":4},"end":{"line":56,"column":5}},"type":"if","locations":[{"start":{"line":54,"column":4},"end":{"line":56,"column":5}}]},"1":{"loc":{"start":{"line":68,"column":10},"end":{"line":72,"column":11}},"type":"if","locations":[{"start":{"line":68,"column":10},"end":{"line":72,"column":11}}]},"2":{"loc":{"start":{"line":78,"column":10},"end":{"line":80,"column":11}},"type":"if","locations":[{"start":{"line":78,"column":10},"end":{"line":80,"column":11}}]}},"s":{"0":1,"1":1,"2":1,"3":1,"4":32,"5":1,"6":1,"7":32,"8":32,"9":73,"10":73,"11":1,"12":73,"13":30,"14":73,"15":38,"16":33,"17":1,"18":32,"19":32,"20":32,"21":32,"22":32,"23":32,"24":73,"25":30,"26":30,"27":30,"28":32,"29":2,"30":2,"31":2,"32":1,"33":32},"f":{"0":32,"1":1,"2":32,"3":73,"4":1,"5":30,"6":8,"7":38,"8":33,"9":32,"10":73,"11":2},"b":{"0":[1],"1":[30],"2":[1]}}
,"/Users/danielcassil/Code/frame-link/src/core/constants.ts": {"path":"/Users/danielcassil/Code/frame-link/src/core/constants.ts","statementMap":{"0":{"start":{"line":1,"column":13},"end":{"line":1,"column":39}},"1":{"start":{"line":2,"column":13},"end":{"line":2,"column":36}},"2":{"start":{"line":3,"column":13},"end":{"line":3,"column":52}}},"fnMap":{},"branchMap":{},"s":{"0":1,"1":1,"2":1},"f":{},"b":{}}
,"/Users/danielcassil/Code/frame-link/src/core/dispatcher.ts": {"path":"/Users/danielcassil/Code/frame-link/src/core/dispatcher.ts","statementMap":{"0":{"start":{"line":5,"column":0},"end":{"line":5,"column":16}},"1":{"start":{"line":21,"column":0},"end":{"line":21,"column":7}},"2":{"start":{"line":58,"column":0},"end":{"line":58,"column":16}},"3":{"start":{"line":84,"column":0},"end":{"line":84,"column":16}},"4":{"start":{"line":1,"column":0},"end":{"line":1,"column":68}},"5":{"start":{"line":6,"column":18},"end":{"line":6,"column":52}},"6":{"start":{"line":7,"column":2},"end":{"line":9,"column":3}},"7":{"start":{"line":8,"column":4},"end":{"line":8,"column":11}},"8":{"start":{"line":11,"column":2},"end":{"line":11,"column":40}},"9":{"start":{"line":12,"column":2},"end":{"line":12,"column":34}},"10":{"start":{"line":14,"column":2},"end":{"line":18,"column":3}},"11":{"start":{"line":15,"column":4},"end":{"line":15,"column":42}},"12":{"start":{"line":17,"column":4},"end":{"line":17,"column":34}},"13":{"start":{"line":26,"column":18},"end":{"line":26,"column":47}},"14":{"start":{"line":27,"column":2},"end":{"line":36,"column":3}},"15":{"start":{"line":28,"column":4},"end":{"line":34,"column":7}},"16":{"start":{"line":35,"column":4},"end":{"line":35,"column":11}},"17":{"start":{"line":38,"column":2},"end":{"line":55,"column":3}},"18":{"start":{"line":39,"column":19},"end":{"line":39,"column":46}},"19":{"start":{"line":40,"column":4},"end":{"line":45,"column":7}},"20":{"start":{"line":47,"column":25},"end":{"line":47,"column":77}},"21":{"start":{"line":48,"column":4},"end":{"line":54,"column":7}},"22":{"start":{"line":63,"column":2},"end":{"line":81,"column":4}},"23":{"start":{"line":64,"column":4},"end":{"line":66,"column":5}},"24":{"start":{"line":65,"column":6},"end":{"line":65,"column":13}},"25":{"start":{"line":68,"column":31},"end":{"line":68,"column":41}},"26":{"start":{"line":69,"column":4},"end":{"line":71,"column":5}},"27":{"start":{"line":70,"column":6},"end":{"line":70,"column":13}},"28":{"start":{"line":73,"column":4},"end":{"line":76,"column":5}},"29":{"start":{"line":74,"column":6},"end":{"line":74,"column":39}},"30":{"start":{"line":75,"column":6},"end":{"line":75,"column":13}},"31":{"start":{"line":78,"column":4},"end":{"line":80,"column":7}},"32":{"start":{"line":89,"column":2},"end":{"line":91,"column":3}},"33":{"start":{"line":90,"column":4},"end":{"line":90,"column":11}},"34":{"start":{"line":93,"column":2},"end":{"line":97,"column":4}},"35":{"start":{"line":98,"column":2},"end":{"line":98,"column":59}}},"fnMap":{"0":{"name":"handleResponse","decl":{"start":{"line":5,"column":16},"end":{"line":5,"column":30}},"loc":{"start":{"line":5,"column":70},"end":{"line":19,"column":1}}},"1":{"name":"handleRequest","decl":{"start":{"line":21,"column":22},"end":{"line":21,"column":35}},"loc":{"start":{"line":24,"column":49},"end":{"line":56,"column":1}}},"2":{"name":"createIncomingMessageHandler","decl":{"start":{"line":58,"column":16},"end":{"line":58,"column":44}},"loc":{"start":{"line":61,"column":49},"end":{"line":82,"column":1}}},"3":{"name":"(anonymous_3)","decl":{"start":{"line":63,"column":9},"end":{"line":63,"column":10}},"loc":{"start":{"line":63,"column":39},"end":{"line":81,"column":3}}},"4":{"name":"(anonymous_4)","decl":{"start":{"line":78,"column":59},"end":{"line":78,"column":68}},"loc":{"start":{"line":78,"column":70},"end":{"line":80,"column":5}}},"5":{"name":"setupMessageListener","decl":{"start":{"line":84,"column":16},"end":{"line":84,"column":36}},"loc":{"start":{"line":87,"column":49},"end":{"line":99,"column":1}}}},"branchMap":{"0":{"loc":{"start":{"line":7,"column":2},"end":{"line":9,"column":3}},"type":"if","locations":[{"start":{"line":7,"column":2},"end":{"line":9,"column":3}}]},"1":{"loc":{"start":{"line":14,"column":2},"end":{"line":18,"column":3}},"type":"if","locations":[{"start":{"line":14,"column":2},"end":{"line":18,"column":3}},{"start":{"line":16,"column":9},"end":{"line":18,"column":3}}]},"2":{"loc":{"start":{"line":27,"column":2},"end":{"line":36,"column":3}},"type":"if","locations":[{"start":{"line":27,"column":2},"end":{"line":36,"column":3}}]},"3":{"loc":{"start":{"line":47,"column":25},"end":{"line":47,"column":77}},"type":"cond-expr","locations":[{"start":{"line":47,"column":48},"end":{"line":47,"column":59}},{"start":{"line":47,"column":62},"end":{"line":47,"column":77}}]},"4":{"loc":{"start":{"line":64,"column":4},"end":{"line":66,"column":5}},"type":"if","locations":[{"start":{"line":64,"column":4},"end":{"line":66,"column":5}}]},"5":{"loc":{"start":{"line":69,"column":4},"end":{"line":71,"column":5}},"type":"if","locations":[{"start":{"line":69,"column":4},"end":{"line":71,"column":5}}]},"6":{"loc":{"start":{"line":73,"column":4},"end":{"line":76,"column":5}},"type":"if","locations":[{"start":{"line":73,"column":4},"end":{"line":76,"column":5}}]},"7":{"loc":{"start":{"line":89,"column":2},"end":{"line":91,"column":3}},"type":"if","locations":[{"start":{"line":89,"column":2},"end":{"line":91,"column":3}}]}},"s":{"0":1,"1":1,"2":1,"3":1,"4":1,"5":35,"6":35,"7":2,"8":33,"9":33,"10":33,"11":1,"12":32,"13":7,"14":7,"15":2,"16":2,"17":5,"18":5,"19":3,"20":2,"21":2,"22":32,"23":51,"24":1,"25":50,"26":50,"27":8,"28":42,"29":35,"30":35,"31":7,"32":32,"33":0,"34":32,"35":32},"f":{"0":35,"1":7,"2":32,"3":51,"4":0,"5":32},"b":{"0":[2],"1":[1,32],"2":[2],"3":[1,1],"4":[1],"5":[8],"6":[35],"7":[0]}}
,"/Users/danielcassil/Code/frame-link/src/core/send.ts": {"path":"/Users/danielcassil/Code/frame-link/src/core/send.ts","statementMap":{"0":{"start":{"line":11,"column":0},"end":{"line":11,"column":16}},"1":{"start":{"line":7,"column":0},"end":{"line":7,"column":44}},"2":{"start":{"line":19,"column":2},"end":{"line":53,"column":4}},"3":{"start":{"line":23,"column":4},"end":{"line":25,"column":5}},"4":{"start":{"line":24,"column":6},"end":{"line":24,"column":39}},"5":{"start":{"line":27,"column":15},"end":{"line":27,"column":27}},"6":{"start":{"line":29,"column":4},"end":{"line":52,"column":6}},"7":{"start":{"line":34,"column":26},"end":{"line":37,"column":19}},"8":{"start":{"line":35,"column":10},"end":{"line":35,"column":43}},"9":{"start":{"line":36,"column":10},"end":{"line":36,"column":57}},"10":{"start":{"line":39,"column":8},"end":{"line":43,"column":11}},"11":{"start":{"line":45,"column":8},"end":{"line":50,"column":11}}},"fnMap":{"0":{"name":"createSendMethod","decl":{"start":{"line":11,"column":16},"end":{"line":11,"column":32}},"loc":{"start":{"line":14,"column":17},"end":{"line":54,"column":1}}},"1":{"name":"(anonymous_1)","decl":{"start":{"line":19,"column":9},"end":{"line":19,"column":14}},"loc":{"start":{"line":22,"column":44},"end":{"line":53,"column":3}}},"2":{"name":"(anonymous_2)","decl":{"start":{"line":30,"column":6},"end":{"line":30,"column":null}},"loc":{"start":{"line":33,"column":16},"end":{"line":51,"column":7}}},"3":{"name":"(anonymous_3)","decl":{"start":{"line":34,"column":37},"end":{"line":34,"column":46}},"loc":{"start":{"line":34,"column":48},"end":{"line":37,"column":9}}}},"branchMap":{"0":{"loc":{"start":{"line":23,"column":4},"end":{"line":25,"column":5}},"type":"if","locations":[{"start":{"line":23,"column":4},"end":{"line":25,"column":5}}]}},"s":{"0":1,"1":1,"2":38,"3":8,"4":1,"5":7,"6":7,"7":7,"8":1,"9":1,"10":7,"11":7},"f":{"0":38,"1":8,"2":7,"3":1},"b":{"0":[1]}}
,"/Users/danielcassil/Code/frame-link/src/core/state.ts": {"path":"/Users/danielcassil/Code/frame-link/src/core/state.ts","statementMap":{"0":{"start":{"line":17,"column":0},"end":{"line":17,"column":16}},"1":{"start":{"line":27,"column":0},"end":{"line":27,"column":16}},"2":{"start":{"line":18,"column":2},"end":{"line":24,"column":4}},"3":{"start":{"line":28,"column":2},"end":{"line":31,"column":3}},"4":{"start":{"line":29,"column":4},"end":{"line":29,"column":64}},"5":{"start":{"line":30,"column":4},"end":{"line":30,"column":32}},"6":{"start":{"line":33,"column":23},"end":{"line":33,"column":55}},"7":{"start":{"line":34,"column":2},"end":{"line":37,"column":5}},"8":{"start":{"line":35,"column":4},"end":{"line":35,"column":36}},"9":{"start":{"line":36,"column":4},"end":{"line":36,"column":33}},"10":{"start":{"line":39,"column":2},"end":{"line":39,"column":26}},"11":{"start":{"line":40,"column":2},"end":{"line":40,"column":32}},"12":{"start":{"line":41,"column":2},"end":{"line":41,"column":22}},"13":{"start":{"line":42,"column":2},"end":{"line":42,"column":28}}},"fnMap":{"0":{"name":"createInitialState","decl":{"start":{"line":17,"column":16},"end":{"line":17,"column":34}},"loc":{"start":{"line":17,"column":34},"end":{"line":25,"column":1}}},"1":{"name":"cleanup","decl":{"start":{"line":27,"column":16},"end":{"line":27,"column":23}},"loc":{"start":{"line":27,"column":44},"end":{"line":43,"column":1}}},"2":{"name":"(anonymous_2)","decl":{"start":{"line":34,"column":32},"end":{"line":34,"column":33}},"loc":{"start":{"line":34,"column":66},"end":{"line":37,"column":3}}}},"branchMap":{"0":{"loc":{"start":{"line":28,"column":2},"end":{"line":31,"column":3}},"type":"if","locations":[{"start":{"line":28,"column":2},"end":{"line":31,"column":3}}]}},"s":{"0":1,"1":1,"2":38,"3":12,"4":8,"5":8,"6":12,"7":12,"8":9,"9":9,"10":12,"11":12,"12":12,"13":12},"f":{"0":38,"1":12,"2":9},"b":{"0":[8]}}
,"/Users/danielcassil/Code/frame-link/src/core/transport.ts": {"path":"/Users/danielcassil/Code/frame-link/src/core/transport.ts","statementMap":{"0":{"start":{"line":3,"column":0},"end":{"line":3,"column":16}},"1":{"start":{"line":16,"column":0},"end":{"line":16,"column":16}},"2":{"start":{"line":7,"column":2},"end":{"line":13,"column":4}},"3":{"start":{"line":8,"column":26},"end":{"line":8,"column":37}},"4":{"start":{"line":9,"column":4},"end":{"line":11,"column":5}},"5":{"start":{"line":10,"column":6},"end":{"line":10,"column":56}},"6":{"start":{"line":12,"column":4},"end":{"line":12,"column":53}},"7":{"start":{"line":19,"column":2},"end":{"line":24,"column":4}},"8":{"start":{"line":20,"column":4},"end":{"line":22,"column":5}},"9":{"start":{"line":21,"column":6},"end":{"line":21,"column":18}},"10":{"start":{"line":23,"column":4},"end":{"line":23,"column":35}}},"fnMap":{"0":{"name":"createMessageSender","decl":{"start":{"line":3,"column":16},"end":{"line":3,"column":35}},"loc":{"start":{"line":5,"column":22},"end":{"line":14,"column":1}}},"1":{"name":"(anonymous_1)","decl":{"start":{"line":7,"column":9},"end":{"line":7,"column":10}},"loc":{"start":{"line":7,"column":40},"end":{"line":13,"column":3}}},"2":{"name":"createOriginValidator","decl":{"start":{"line":16,"column":16},"end":{"line":16,"column":37}},"loc":{"start":{"line":17,"column":22},"end":{"line":25,"column":1}}},"3":{"name":"(anonymous_3)","decl":{"start":{"line":19,"column":9},"end":{"line":19,"column":10}},"loc":{"start":{"line":19,"column":37},"end":{"line":24,"column":3}}}},"branchMap":{"0":{"loc":{"start":{"line":9,"column":4},"end":{"line":11,"column":5}},"type":"if","locations":[{"start":{"line":9,"column":4},"end":{"line":11,"column":5}}]},"1":{"loc":{"start":{"line":20,"column":4},"end":{"line":22,"column":5}},"type":"if","locations":[{"start":{"line":20,"column":4},"end":{"line":22,"column":5}}]}},"s":{"0":1,"1":1,"2":38,"3":87,"4":87,"5":0,"6":87,"7":38,"8":51,"9":1,"10":50},"f":{"0":38,"1":87,"2":38,"3":51},"b":{"0":[0],"1":[1]}}
,"/Users/danielcassil/Code/frame-link/src/types/protocol.ts": {"path":"/Users/danielcassil/Code/frame-link/src/types/protocol.ts","statementMap":{"0":{"start":{"line":36,"column":0},"end":{"line":36,"column":16}},"1":{"start":{"line":37,"column":2},"end":{"line":39,"column":3}},"2":{"start":{"line":38,"column":4},"end":{"line":38,"column":17}},"3":{"start":{"line":41,"column":14},"end":{"line":41,"column":46}},"4":{"start":{"line":42,"column":18},"end":{"line":42,"column":29}},"5":{"start":{"line":43,"column":16},"end":{"line":43,"column":25}},"6":{"start":{"line":44,"column":17},"end":{"line":44,"column":27}},"7":{"start":{"line":46,"column":2},"end":{"line":51,"column":4}}},"fnMap":{"0":{"name":"isWireMessage","decl":{"start":{"line":36,"column":16},"end":{"line":36,"column":29}},"loc":{"start":{"line":36,"column":44},"end":{"line":52,"column":1}}}},"branchMap":{"0":{"loc":{"start":{"line":37,"column":2},"end":{"line":39,"column":3}},"type":"if","locations":[{"start":{"line":37,"column":2},"end":{"line":39,"column":3}}]},"1":{"loc":{"start":{"line":37,"column":6},"end":{"line":37,"column":49}},"type":"binary-expr","locations":[{"start":{"line":37,"column":6},"end":{"line":37,"column":31}},{"start":{"line":37,"column":35},"end":{"line":37,"column":49}}]},"2":{"loc":{"start":{"line":47,"column":4},"end":{"line":50,"column":20}},"type":"binary-expr","locations":[{"start":{"line":47,"column":5},"end":{"line":47,"column":26}},{"start":{"line":47,"column":30},"end":{"line":47,"column":52}},{"start":{"line":48,"column":4},"end":{"line":48,"column":29}},{"start":{"line":49,"column":4},"end":{"line":49,"column":30}},{"start":{"line":50,"column":4},"end":{"line":50,"column":20}}]}},"s":{"0":1,"1":50,"2":3,"3":47,"4":47,"5":47,"6":47,"7":47},"f":{"0":50},"b":{"0":[3],"1":[50,48],"2":[47,37,45,44,43]}}
,"/Users/danielcassil/Code/frame-link/src/utils/id.ts": {"path":"/Users/danielcassil/Code/frame-link/src/utils/id.ts","statementMap":{"0":{"start":{"line":5,"column":0},"end":{"line":5,"column":16}},"1":{"start":{"line":1,"column":17},"end":{"line":1,"column":19}},"2":{"start":{"line":2,"column":23},"end":{"line":2,"column":24}},"3":{"start":{"line":3,"column":21},"end":{"line":3,"column":23}},"4":{"start":{"line":6,"column":20},"end":{"line":6,"column":49}},"5":{"start":{"line":7,"column":17},"end":{"line":9,"column":40}},"6":{"start":{"line":10,"column":2},"end":{"line":10,"column":34}}},"fnMap":{"0":{"name":"generateId","decl":{"start":{"line":5,"column":16},"end":{"line":5,"column":26}},"loc":{"start":{"line":5,"column":26},"end":{"line":11,"column":1}}}},"branchMap":{},"s":{"0":1,"1":1,"2":1,"3":1,"4":80,"5":80,"6":80},"f":{"0":80},"b":{}}
}
