TN:
SF:src/frameLink.ts
FN:63,(anonymous_0)
FN:68,(anonymous_1)
FN:80,(anonymous_2)
FN:95,(anonymous_3)
FN:96,(anonymous_4)
FN:105,(anonymous_5)
FN:107,(anonymous_6)
FN:112,(anonymous_7)
FN:114,(anonymous_8)
FN:118,(anonymous_9)
FN:122,(anonymous_10)
FN:125,(anonymous_11)
FN:126,(anonymous_12)
FN:127,(anonymous_13)
FN:149,frameLink
FNF:15
FNH:15
FNDA:1069,(anonymous_0)
FNDA:1494,(anonymous_1)
FNDA:18,(anonymous_2)
FNDA:99,(anonymous_3)
FNDA:58,(anonymous_4)
FNDA:7,(anonymous_5)
FNDA:16,(anonymous_6)
FNDA:20,(anonymous_7)
FNDA:36,(anonymous_8)
FNDA:60,(anonymous_9)
FNDA:50,(anonymous_10)
FNDA:15,(anonymous_11)
FNDA:6,(anonymous_12)
FNDA:3,(anonymous_13)
FNDA:61,frameLink
DA:59,60
DA:60,60
DA:61,60
DA:63,60
DA:64,1069
DA:65,1069
DA:66,1069
DA:68,1069
DA:69,1494
DA:70,42
DA:71,42
DA:72,1
DA:74,42
DA:76,1452
DA:80,60
DA:81,18
DA:85,18
DA:86,17
DA:87,12
DA:89,17
DA:91,1
DA:95,60
DA:96,99
DA:97,99
DA:105,60
DA:106,7
DA:108,16
DA:112,60
DA:113,20
DA:114,36
DA:118,60
DA:119,60
DA:120,60
DA:122,60
DA:123,50
DA:124,50
DA:125,50
DA:126,50
DA:127,6
DA:128,3
DA:129,3
DA:130,3
DA:136,60
DA:146,60
DA:149,60
DA:153,61
DA:154,61
DA:156,61
LF:48
LH:48
BRDA:69,0,0,42
BRDA:71,1,0,1
BRDA:81,2,0,12
BRDA:81,2,1,6
BRDA:85,3,0,17
BRDA:85,3,1,1
BRDA:86,4,0,12
BRDA:86,5,0,17
BRDA:86,5,1,12
BRDA:95,6,0,48
BRDA:108,7,0,16
BRDA:108,7,1,4
BRDA:108,7,2,16
BRDA:108,7,3,14
BRDA:114,8,0,36
BRDA:114,8,1,23
BRDA:124,9,0,50
BRDA:124,10,0,50
BRDA:124,10,1,50
BRDA:153,11,0,61
BRDA:153,11,1,60
BRDA:154,12,0,61
BRDA:154,12,1,60
BRF:23
BRH:23
end_of_record
