TN:
SF:src/frameLink.ts
FN:63,(anonymous_7)
FN:68,(anonymous_8)
FN:68,(anonymous_9)
FN:80,(anonymous_10)
FN:95,(anonymous_11)
FN:96,(anonymous_12)
FN:105,(anonymous_13)
FN:107,(anonymous_14)
FN:112,(anonymous_15)
FN:114,(anonymous_16)
FN:118,(anonymous_17)
FN:122,(anonymous_18)
FN:125,(anonymous_19)
FN:127,(anonymous_20)
FN:128,(anonymous_21)
FN:151,frameLink
FNF:16
FNH:14
FNDA:5,(anonymous_7)
FNDA:17,(anonymous_8)
FNDA:17,(anonymous_9)
FNDA:5,(anonymous_10)
FNDA:6,(anonymous_11)
FNDA:15,(anonymous_12)
FNDA:0,(anonymous_13)
FNDA:0,(anonymous_14)
FNDA:1,(anonymous_15)
FNDA:6,(anonymous_16)
FNDA:1,(anonymous_17)
FNDA:1,(anonymous_18)
FNDA:1,(anonymous_19)
FNDA:1,(anonymous_20)
FNDA:1,(anonymous_21)
FNDA:1,frameLink
DA:59,1
DA:60,1
DA:61,1
DA:63,1
DA:64,5
DA:65,5
DA:66,5
DA:68,17
DA:69,17
DA:70,5
DA:71,5
DA:72,2
DA:74,5
DA:76,12
DA:80,1
DA:81,5
DA:85,5
DA:86,5
DA:87,2
DA:89,5
DA:91,0
DA:95,1
DA:96,15
DA:97,6
DA:105,1
DA:106,0
DA:108,0
DA:112,1
DA:113,1
DA:114,6
DA:118,1
DA:119,1
DA:120,1
DA:122,1
DA:123,1
DA:124,1
DA:125,1
DA:126,1
DA:127,1
DA:128,1
DA:129,1
DA:130,1
DA:131,1
DA:132,1
DA:138,1
DA:148,1
DA:151,1
DA:155,1
DA:156,1
DA:158,1
LF:50
LH:47
BRDA:64,0,0,0
BRDA:64,0,1,5
BRDA:64,1,0,5
BRDA:64,1,1,5
BRDA:64,2,0,0
BRDA:64,2,1,5
BRDA:64,3,0,5
BRDA:64,3,1,5
BRDA:65,4,0,0
BRDA:65,4,1,5
BRDA:65,5,0,5
BRDA:65,5,1,5
BRDA:65,6,0,0
BRDA:65,6,1,5
BRDA:65,7,0,5
BRDA:65,7,1,5
BRDA:66,8,0,0
BRDA:66,8,1,5
BRDA:66,9,0,5
BRDA:66,9,1,5
BRDA:66,10,0,0
BRDA:66,10,1,5
BRDA:66,11,0,5
BRDA:66,11,1,5
BRDA:69,12,0,5
BRDA:71,13,0,2
BRDA:81,14,0,2
BRDA:81,14,1,3
BRDA:85,15,0,5
BRDA:85,15,1,0
BRDA:85,16,0,0
BRDA:85,16,1,5
BRDA:85,17,0,5
BRDA:85,17,1,5
BRDA:86,18,0,2
BRDA:86,19,0,5
BRDA:86,19,1,2
BRDA:89,20,0,0
BRDA:89,20,1,5
BRDA:89,21,0,5
BRDA:89,21,1,5
BRDA:95,22,0,5
BRDA:108,23,0,0
BRDA:108,23,1,0
BRDA:108,23,2,0
BRDA:108,23,3,0
BRDA:114,24,0,6
BRDA:114,24,1,5
BRDA:124,25,0,1
BRDA:124,26,0,1
BRDA:124,26,1,1
BRDA:155,27,0,1
BRDA:155,27,1,1
BRDA:155,28,0,1
BRDA:155,28,1,0
BRDA:155,29,0,1
BRDA:155,29,1,1
BRDA:156,30,0,1
BRDA:156,30,1,1
BRF:59
BRH:45
end_of_record
